<?xml version="1.0" encoding="UTF-8"?>
<coverage generated="1739936428363" clover="3.2.0">
  <project timestamp="1739936428363" name="All files">
    <metrics statements="78" coveredstatements="67" conditionals="28" coveredconditionals="27" methods="22" coveredmethods="18" elements="128" coveredelements="112" complexity="0" loc="78" ncloc="78" packages="3" files="5" classes="5"/>
    <package name="components">
      <metrics statements="15" coveredstatements="11" conditionals="4" coveredconditionals="3" methods="5" coveredmethods="3"/>
      <file name="Footer.js" path="/Users/isaacli/Documents/GitHub/cs4218-2420-ecom-project-team03/client/src/components/Footer.js">
        <metrics statements="2" coveredstatements="2" conditionals="0" coveredconditionals="0" methods="1" coveredmethods="1"/>
        <line num="4" count="1" type="stmt"/>
        <line num="5" count="23" type="stmt"/>
      </file>
      <file name="Header.js" path="/Users/isaacli/Documents/GitHub/cs4218-2420-ecom-project-team03/client/src/components/Header.js">
        <metrics statements="10" coveredstatements="6" conditionals="4" coveredconditionals="3" methods="3" coveredmethods="1"/>
        <line num="10" count="1" type="stmt"/>
        <line num="11" count="23" type="stmt"/>
        <line num="12" count="23" type="stmt"/>
        <line num="13" count="23" type="stmt"/>
        <line num="14" count="23" type="stmt"/>
        <line num="15" count="0" type="stmt"/>
        <line num="20" count="0" type="stmt"/>
        <line num="21" count="0" type="stmt"/>
        <line num="23" count="23" type="stmt"/>
        <line num="64" count="0" type="stmt"/>
      </file>
      <file name="Layout.js" path="/Users/isaacli/Documents/GitHub/cs4218-2420-ecom-project-team03/client/src/components/Layout.js">
        <metrics statements="3" coveredstatements="3" conditionals="0" coveredconditionals="0" methods="1" coveredmethods="1"/>
        <line num="8" count="1" type="stmt"/>
        <line num="9" count="23" type="stmt"/>
        <line num="28" count="1" type="stmt"/>
      </file>
    </package>
    <package name="components.Form">
      <metrics statements="12" coveredstatements="5" conditionals="0" coveredconditionals="0" methods="3" coveredmethods="1"/>
      <file name="SearchInput.js" path="/Users/isaacli/Documents/GitHub/cs4218-2420-ecom-project-team03/client/src/components/Form/SearchInput.js">
        <metrics statements="12" coveredstatements="5" conditionals="0" coveredconditionals="0" methods="3" coveredmethods="1"/>
        <line num="5" count="1" type="stmt"/>
        <line num="6" count="23" type="stmt"/>
        <line num="7" count="23" type="stmt"/>
        <line num="9" count="23" type="stmt"/>
        <line num="10" count="0" type="stmt"/>
        <line num="11" count="0" type="stmt"/>
        <line num="12" count="0" type="stmt"/>
        <line num="15" count="0" type="stmt"/>
        <line num="16" count="0" type="stmt"/>
        <line num="18" count="0" type="stmt"/>
        <line num="21" count="23" type="stmt"/>
        <line num="30" count="0" type="stmt"/>
      </file>
    </package>
    <package name="pages">
      <metrics statements="51" coveredstatements="51" conditionals="24" coveredconditionals="24" methods="14" coveredmethods="14"/>
      <file name="CartPage.js" path="/Users/isaacli/Documents/GitHub/cs4218-2420-ecom-project-team03/client/src/pages/CartPage.js">
        <metrics statements="51" coveredstatements="51" conditionals="24" coveredconditionals="24" methods="14" coveredmethods="14"/>
        <line num="12" count="1" type="stmt"/>
        <line num="13" count="30" type="stmt"/>
        <line num="14" count="30" type="stmt"/>
        <line num="15" count="30" type="stmt"/>
        <line num="16" count="29" type="stmt"/>
        <line num="17" count="29" type="stmt"/>
        <line num="18" count="29" type="stmt"/>
        <line num="21" count="29" type="stmt"/>
        <line num="22" count="29" type="stmt"/>
        <line num="23" count="29" type="stmt"/>
        <line num="24" count="29" type="stmt"/>
        <line num="25" count="56" type="cond" truecount="2" falsecount="0"/>
        <line num="26" count="1" type="stmt"/>
        <line num="28" count="55" type="stmt"/>
        <line num="30" count="28" type="stmt"/>
        <line num="35" count="1" type="stmt"/>
        <line num="36" count="1" type="stmt"/>
        <line num="41" count="29" type="stmt"/>
        <line num="42" count="2" type="stmt"/>
        <line num="43" count="2" type="stmt"/>
        <line num="44" count="2" type="stmt"/>
        <line num="45" count="2" type="stmt"/>
        <line num="46" count="2" type="stmt"/>
        <line num="47" count="1" type="stmt"/>
        <line num="49" count="1" type="stmt"/>
        <line num="54" count="29" type="stmt"/>
        <line num="55" count="14" type="stmt"/>
        <line num="56" count="14" type="stmt"/>
        <line num="57" count="4" type="stmt"/>
        <line num="59" count="10" type="stmt"/>
        <line num="62" count="29" type="stmt"/>
        <line num="63" count="14" type="stmt"/>
        <line num="67" count="29" type="stmt"/>
        <line num="68" count="2" type="stmt"/>
        <line num="69" count="2" type="stmt"/>
        <line num="70" count="2" type="stmt"/>
        <line num="71" count="2" type="stmt"/>
        <line num="75" count="1" type="stmt"/>
        <line num="76" count="1" type="stmt"/>
        <line num="77" count="1" type="stmt"/>
        <line num="78" count="1" type="stmt"/>
        <line num="79" count="1" type="stmt"/>
        <line num="81" count="1" type="stmt"/>
        <line num="82" count="1" type="stmt"/>
        <line num="85" count="29" type="stmt"/>
        <line num="108" count="56" type="stmt"/>
        <line num="126" count="2" type="stmt"/>
        <line num="146" count="1" type="stmt"/>
        <line num="157" count="1" type="stmt"/>
        <line num="165" count="1" type="stmt"/>
        <line num="187" count="8" type="stmt"/>
      </file>
    </package>
  </project>
</coverage>
