{"/Users/isaacli/Documents/GitHub/cs4218-2420-ecom-project-team03/client/src/components/Footer.js": {"path":"/Users/isaacli/Documents/GitHub/cs4218-2420-ecom-project-team03/client/src/components/Footer.js","statementMap":{"0":{"start":{"line":4,"column":15},"end":{"line":14,"column":1}},"1":{"start":{"line":5,"column":2},"end":{"line":13,"column":4}}},"fnMap":{"0":{"name":"(anonymous_0)","decl":{"start":{"line":4,"column":15},"end":{"line":4,"column":16}},"loc":{"start":{"line":4,"column":21},"end":{"line":14,"column":1}},"line":4}},"branchMap":{},"s":{"0":1,"1":23},"f":{"0":23},"b":{},"_coverageSchema":"1a1c01bbd47fc00a2c39e90264f33305004495a9","hash":"99fb536d13febecbecd4abc93667e81e57dc9e96"}
,"/Users/isaacli/Documents/GitHub/cs4218-2420-ecom-project-team03/client/src/components/Header.js": {"path":"/Users/isaacli/Documents/GitHub/cs4218-2420-ecom-project-team03/client/src/components/Header.js","statementMap":{"0":{"start":{"line":10,"column":15},"end":{"line":138,"column":1}},"1":{"start":{"line":11,"column":26},"end":{"line":11,"column":35}},"2":{"start":{"line":12,"column":17},"end":{"line":12,"column":26}},"3":{"start":{"line":13,"column":21},"end":{"line":13,"column":34}},"4":{"start":{"line":14,"column":23},"end":{"line":22,"column":3}},"5":{"start":{"line":15,"column":4},"end":{"line":19,"column":7}},"6":{"start":{"line":20,"column":4},"end":{"line":20,"column":36}},"7":{"start":{"line":21,"column":4},"end":{"line":21,"column":41}},"8":{"start":{"line":23,"column":2},"end":{"line":137,"column":4}},"9":{"start":{"line":64,"column":20},"end":{"line":71,"column":25}}},"fnMap":{"0":{"name":"(anonymous_0)","decl":{"start":{"line":10,"column":15},"end":{"line":10,"column":16}},"loc":{"start":{"line":10,"column":21},"end":{"line":138,"column":1}},"line":10},"1":{"name":"(anonymous_1)","decl":{"start":{"line":14,"column":23},"end":{"line":14,"column":24}},"loc":{"start":{"line":14,"column":29},"end":{"line":22,"column":3}},"line":14},"2":{"name":"(anonymous_2)","decl":{"start":{"line":63,"column":35},"end":{"line":63,"column":36}},"loc":{"start":{"line":64,"column":20},"end":{"line":71,"column":25}},"line":64}},"branchMap":{"0":{"loc":{"start":{"line":76,"column":15},"end":{"line":124,"column":15}},"type":"cond-expr","locations":[{"start":{"line":77,"column":16},"end":{"line":88,"column":19}},{"start":{"line":90,"column":16},"end":{"line":123,"column":19}}],"line":76},"1":{"loc":{"start":{"line":105,"column":28},"end":{"line":105,"column":69}},"type":"cond-expr","locations":[{"start":{"line":105,"column":53},"end":{"line":105,"column":60}},{"start":{"line":105,"column":63},"end":{"line":105,"column":69}}],"line":105}},"s":{"0":1,"1":23,"2":23,"3":23,"4":23,"5":0,"6":0,"7":0,"8":23,"9":0},"f":{"0":23,"1":0,"2":0},"b":{"0":[2,21],"1":[0,21]},"_coverageSchema":"1a1c01bbd47fc00a2c39e90264f33305004495a9","hash":"598b73a14e594c77c1d617daf0f3635cf38fcae4"}
,"/Users/isaacli/Documents/GitHub/cs4218-2420-ecom-project-team03/client/src/components/Layout.js": {"path":"/Users/isaacli/Documents/GitHub/cs4218-2420-ecom-project-team03/client/src/components/Layout.js","statementMap":{"0":{"start":{"line":8,"column":15},"end":{"line":26,"column":1}},"1":{"start":{"line":9,"column":2},"end":{"line":25,"column":4}},"2":{"start":{"line":28,"column":0},"end":{"line":33,"column":2}}},"fnMap":{"0":{"name":"(anonymous_0)","decl":{"start":{"line":8,"column":15},"end":{"line":8,"column":16}},"loc":{"start":{"line":8,"column":71},"end":{"line":26,"column":1}},"line":8}},"branchMap":{},"s":{"0":1,"1":23,"2":1},"f":{"0":23},"b":{},"_coverageSchema":"1a1c01bbd47fc00a2c39e90264f33305004495a9","hash":"c3556f35635e95ce6e601ad7052d58883470c1f6"}
,"/Users/isaacli/Documents/GitHub/cs4218-2420-ecom-project-team03/client/src/components/Form/SearchInput.js": {"path":"/Users/isaacli/Documents/GitHub/cs4218-2420-ecom-project-team03/client/src/components/Form/SearchInput.js","statementMap":{"0":{"start":{"line":5,"column":20},"end":{"line":38,"column":1}},"1":{"start":{"line":6,"column":30},"end":{"line":6,"column":41}},"2":{"start":{"line":7,"column":19},"end":{"line":7,"column":32}},"3":{"start":{"line":9,"column":23},"end":{"line":20,"column":3}},"4":{"start":{"line":10,"column":4},"end":{"line":10,"column":23}},"5":{"start":{"line":11,"column":4},"end":{"line":19,"column":5}},"6":{"start":{"line":12,"column":23},"end":{"line":14,"column":7}},"7":{"start":{"line":15,"column":6},"end":{"line":15,"column":46}},"8":{"start":{"line":16,"column":6},"end":{"line":16,"column":26}},"9":{"start":{"line":18,"column":6},"end":{"line":18,"column":25}},"10":{"start":{"line":21,"column":2},"end":{"line":37,"column":4}},"11":{"start":{"line":30,"column":27},"end":{"line":30,"column":76}}},"fnMap":{"0":{"name":"(anonymous_0)","decl":{"start":{"line":5,"column":20},"end":{"line":5,"column":21}},"loc":{"start":{"line":5,"column":26},"end":{"line":38,"column":1}},"line":5},"1":{"name":"(anonymous_1)","decl":{"start":{"line":9,"column":23},"end":{"line":9,"column":24}},"loc":{"start":{"line":9,"column":36},"end":{"line":20,"column":3}},"line":9},"2":{"name":"(anonymous_2)","decl":{"start":{"line":30,"column":20},"end":{"line":30,"column":21}},"loc":{"start":{"line":30,"column":27},"end":{"line":30,"column":76}},"line":30}},"branchMap":{},"s":{"0":1,"1":23,"2":23,"3":23,"4":0,"5":0,"6":0,"7":0,"8":0,"9":0,"10":23,"11":0},"f":{"0":23,"1":0,"2":0},"b":{},"_coverageSchema":"1a1c01bbd47fc00a2c39e90264f33305004495a9","hash":"c99f72521f275a83ac3ed2cdaa6972d2f9cf34aa"}
,"/Users/isaacli/Documents/GitHub/cs4218-2420-ecom-project-team03/client/src/pages/CartPage.js": {"path":"/Users/isaacli/Documents/GitHub/cs4218-2420-ecom-project-team03/client/src/pages/CartPage.js","statementMap":{"0":{"start":{"line":12,"column":17},"end":{"line":206,"column":1}},"1":{"start":{"line":13,"column":26},"end":{"line":13,"column":35}},"2":{"start":{"line":14,"column":26},"end":{"line":14,"column":35}},"3":{"start":{"line":15,"column":40},"end":{"line":15,"column":52}},"4":{"start":{"line":16,"column":34},"end":{"line":16,"column":46}},"5":{"start":{"line":17,"column":32},"end":{"line":17,"column":47}},"6":{"start":{"line":18,"column":19},"end":{"line":18,"column":32}},"7":{"start":{"line":21,"column":21},"end":{"line":38,"column":3}},"8":{"start":{"line":22,"column":4},"end":{"line":37,"column":5}},"9":{"start":{"line":23,"column":18},"end":{"line":23,"column":19}},"10":{"start":{"line":24,"column":6},"end":{"line":29,"column":9}},"11":{"start":{"line":25,"column":8},"end":{"line":27,"column":9}},"12":{"start":{"line":26,"column":10},"end":{"line":26,"column":66}},"13":{"start":{"line":28,"column":8},"end":{"line":28,"column":28}},"14":{"start":{"line":30,"column":6},"end":{"line":33,"column":9}},"15":{"start":{"line":35,"column":6},"end":{"line":35,"column":27}},"16":{"start":{"line":36,"column":6},"end":{"line":36,"column":45}},"17":{"start":{"line":41,"column":25},"end":{"line":51,"column":3}},"18":{"start":{"line":42,"column":4},"end":{"line":50,"column":5}},"19":{"start":{"line":43,"column":19},"end":{"line":43,"column":28}},"20":{"start":{"line":44,"column":18},"end":{"line":44,"column":62}},"21":{"start":{"line":44,"column":45},"end":{"line":44,"column":61}},"22":{"start":{"line":45,"column":6},"end":{"line":45,"column":30}},"23":{"start":{"line":46,"column":6},"end":{"line":46,"column":22}},"24":{"start":{"line":47,"column":6},"end":{"line":47,"column":59}},"25":{"start":{"line":49,"column":6},"end":{"line":49,"column":25}},"26":{"start":{"line":54,"column":19},"end":{"line":61,"column":3}},"27":{"start":{"line":55,"column":4},"end":{"line":60,"column":5}},"28":{"start":{"line":56,"column":23},"end":{"line":56,"column":73}},"29":{"start":{"line":57,"column":6},"end":{"line":57,"column":40}},"30":{"start":{"line":59,"column":6},"end":{"line":59,"column":25}},"31":{"start":{"line":62,"column":2},"end":{"line":64,"column":20}},"32":{"start":{"line":63,"column":4},"end":{"line":63,"column":15}},"33":{"start":{"line":67,"column":24},"end":{"line":84,"column":3}},"34":{"start":{"line":68,"column":4},"end":{"line":83,"column":5}},"35":{"start":{"line":69,"column":6},"end":{"line":69,"column":23}},"36":{"start":{"line":70,"column":24},"end":{"line":70,"column":61}},"37":{"start":{"line":71,"column":23},"end":{"line":74,"column":8}},"38":{"start":{"line":75,"column":6},"end":{"line":75,"column":24}},"39":{"start":{"line":76,"column":6},"end":{"line":76,"column":38}},"40":{"start":{"line":77,"column":6},"end":{"line":77,"column":18}},"41":{"start":{"line":78,"column":6},"end":{"line":78,"column":41}},"42":{"start":{"line":79,"column":6},"end":{"line":79,"column":54}},"43":{"start":{"line":81,"column":6},"end":{"line":81,"column":25}},"44":{"start":{"line":82,"column":6},"end":{"line":82,"column":24}},"45":{"start":{"line":85,"column":2},"end":{"line":205,"column":4}},"46":{"start":{"line":108,"column":16},"end":{"line":131,"column":22}},"47":{"start":{"line":126,"column":37},"end":{"line":126,"column":58}},"48":{"start":{"line":146,"column":37},"end":{"line":146,"column":72}},"49":{"start":{"line":157,"column":37},"end":{"line":157,"column":72}},"50":{"start":{"line":165,"column":24},"end":{"line":167,"column":26}},"51":{"start":{"line":187,"column":48},"end":{"line":187,"column":69}}},"fnMap":{"0":{"name":"(anonymous_0)","decl":{"start":{"line":12,"column":17},"end":{"line":12,"column":18}},"loc":{"start":{"line":12,"column":23},"end":{"line":206,"column":1}},"line":12},"1":{"name":"(anonymous_1)","decl":{"start":{"line":21,"column":21},"end":{"line":21,"column":22}},"loc":{"start":{"line":21,"column":27},"end":{"line":38,"column":3}},"line":21},"2":{"name":"(anonymous_2)","decl":{"start":{"line":24,"column":20},"end":{"line":24,"column":21}},"loc":{"start":{"line":24,"column":30},"end":{"line":29,"column":7}},"line":24},"3":{"name":"(anonymous_3)","decl":{"start":{"line":41,"column":25},"end":{"line":41,"column":26}},"loc":{"start":{"line":41,"column":34},"end":{"line":51,"column":3}},"line":41},"4":{"name":"(anonymous_4)","decl":{"start":{"line":44,"column":35},"end":{"line":44,"column":36}},"loc":{"start":{"line":44,"column":45},"end":{"line":44,"column":61}},"line":44},"5":{"name":"(anonymous_5)","decl":{"start":{"line":54,"column":19},"end":{"line":54,"column":20}},"loc":{"start":{"line":54,"column":31},"end":{"line":61,"column":3}},"line":54},"6":{"name":"(anonymous_6)","decl":{"start":{"line":62,"column":12},"end":{"line":62,"column":13}},"loc":{"start":{"line":62,"column":18},"end":{"line":64,"column":3}},"line":62},"7":{"name":"(anonymous_7)","decl":{"start":{"line":67,"column":24},"end":{"line":67,"column":25}},"loc":{"start":{"line":67,"column":36},"end":{"line":84,"column":3}},"line":67},"8":{"name":"(anonymous_8)","decl":{"start":{"line":107,"column":25},"end":{"line":107,"column":26}},"loc":{"start":{"line":108,"column":16},"end":{"line":131,"column":22}},"line":108},"9":{"name":"(anonymous_9)","decl":{"start":{"line":126,"column":31},"end":{"line":126,"column":32}},"loc":{"start":{"line":126,"column":37},"end":{"line":126,"column":58}},"line":126},"10":{"name":"(anonymous_10)","decl":{"start":{"line":146,"column":31},"end":{"line":146,"column":32}},"loc":{"start":{"line":146,"column":37},"end":{"line":146,"column":72}},"line":146},"11":{"name":"(anonymous_11)","decl":{"start":{"line":157,"column":31},"end":{"line":157,"column":32}},"loc":{"start":{"line":157,"column":37},"end":{"line":157,"column":72}},"line":157},"12":{"name":"(anonymous_12)","decl":{"start":{"line":164,"column":31},"end":{"line":164,"column":32}},"loc":{"start":{"line":165,"column":24},"end":{"line":167,"column":26}},"line":165},"13":{"name":"(anonymous_13)","decl":{"start":{"line":187,"column":34},"end":{"line":187,"column":35}},"loc":{"start":{"line":187,"column":48},"end":{"line":187,"column":69}},"line":187}},"branchMap":{"0":{"loc":{"start":{"line":25,"column":8},"end":{"line":27,"column":9}},"type":"if","locations":[{"start":{"line":25,"column":8},"end":{"line":27,"column":9}},{"start":{},"end":{}}],"line":25},"1":{"loc":{"start":{"line":91,"column":15},"end":{"line":93,"column":61}},"type":"cond-expr","locations":[{"start":{"line":92,"column":18},"end":{"line":92,"column":31}},{"start":{"line":93,"column":18},"end":{"line":93,"column":61}}],"line":91},"2":{"loc":{"start":{"line":93,"column":28},"end":{"line":93,"column":59}},"type":"binary-expr","locations":[{"start":{"line":93,"column":28},"end":{"line":93,"column":39}},{"start":{"line":93,"column":43},"end":{"line":93,"column":59}}],"line":93},"3":{"loc":{"start":{"line":95,"column":17},"end":{"line":99,"column":40}},"type":"cond-expr","locations":[{"start":{"line":96,"column":20},"end":{"line":98,"column":22}},{"start":{"line":99,"column":20},"end":{"line":99,"column":40}}],"line":95},"4":{"loc":{"start":{"line":97,"column":22},"end":{"line":97,"column":69}},"type":"cond-expr","locations":[{"start":{"line":97,"column":36},"end":{"line":97,"column":38}},{"start":{"line":97,"column":41},"end":{"line":97,"column":69}}],"line":97},"5":{"loc":{"start":{"line":139,"column":15},"end":{"line":174,"column":15}},"type":"cond-expr","locations":[{"start":{"line":140,"column":16},"end":{"line":151,"column":19}},{"start":{"line":153,"column":16},"end":{"line":173,"column":22}}],"line":139},"6":{"loc":{"start":{"line":154,"column":19},"end":{"line":172,"column":19}},"type":"cond-expr","locations":[{"start":{"line":155,"column":20},"end":{"line":160,"column":29}},{"start":{"line":162,"column":20},"end":{"line":171,"column":29}}],"line":154},"7":{"loc":{"start":{"line":176,"column":17},"end":{"line":198,"column":17}},"type":"cond-expr","locations":[{"start":{"line":177,"column":18},"end":{"line":177,"column":20}},{"start":{"line":179,"column":18},"end":{"line":197,"column":21}}],"line":176},"8":{"loc":{"start":{"line":176,"column":17},"end":{"line":176,"column":62}},"type":"binary-expr","locations":[{"start":{"line":176,"column":17},"end":{"line":176,"column":29}},{"start":{"line":176,"column":33},"end":{"line":176,"column":45}},{"start":{"line":176,"column":49},"end":{"line":176,"column":62}}],"line":176},"9":{"loc":{"start":{"line":193,"column":32},"end":{"line":193,"column":76}},"type":"binary-expr","locations":[{"start":{"line":193,"column":32},"end":{"line":193,"column":39}},{"start":{"line":193,"column":43},"end":{"line":193,"column":52}},{"start":{"line":193,"column":56},"end":{"line":193,"column":76}}],"line":193},"10":{"loc":{"start":{"line":195,"column":23},"end":{"line":195,"column":67}},"type":"cond-expr","locations":[{"start":{"line":195,"column":33},"end":{"line":195,"column":50}},{"start":{"line":195,"column":53},"end":{"line":195,"column":67}}],"line":195}},"s":{"0":1,"1":30,"2":30,"3":30,"4":29,"5":29,"6":29,"7":29,"8":29,"9":29,"10":29,"11":56,"12":1,"13":55,"14":28,"15":1,"16":1,"17":29,"18":2,"19":2,"20":2,"21":2,"22":2,"23":2,"24":1,"25":1,"26":29,"27":14,"28":14,"29":4,"30":10,"31":29,"32":14,"33":29,"34":2,"35":2,"36":2,"37":2,"38":1,"39":1,"40":1,"41":1,"42":1,"43":1,"44":1,"45":29,"46":56,"47":2,"48":1,"49":1,"50":1,"51":8},"f":{"0":30,"1":29,"2":56,"3":2,"4":2,"5":14,"6":14,"7":2,"8":56,"9":2,"10":1,"11":1,"12":1,"13":8},"b":{"0":[1,55],"1":[2,27],"2":[27,27],"3":[28,1],"4":[26,2],"5":[26,3],"6":[1,2],"7":[15,14],"8":[29,15,14],"9":[14,10,8],"10":[4,10]},"_coverageSchema":"1a1c01bbd47fc00a2c39e90264f33305004495a9","hash":"3cb1ad80082fdcd1bc3abcf525069f5a5c1d4d76"}
}
