{"C:\\Users\\Zi Jia\\OneDrive - National University of Singapore\\Desktop\\ONE FOLDER TO RULE THEM ALL\\NUS\\MODS\\AY2425S2\\CS4218\\cs4218-2420-ecom-project-team03\\client\\src\\pages\\About.js": {"path":"C:\\Users\\Zi Jia\\OneDrive - National University of Singapore\\Desktop\\ONE FOLDER TO RULE THEM ALL\\NUS\\MODS\\AY2425S2\\CS4218\\cs4218-2420-ecom-project-team03\\client\\src\\pages\\About.js","statementMap":{"0":{"start":{"line":4,"column":14},"end":{"line":23,"column":1}},"1":{"start":{"line":5,"column":2},"end":{"line":22,"column":4}}},"fnMap":{"0":{"name":"(anonymous_0)","decl":{"start":{"line":4,"column":14},"end":{"line":4,"column":15}},"loc":{"start":{"line":4,"column":20},"end":{"line":23,"column":1}},"line":4}},"branchMap":{},"s":{"0":0,"1":0},"f":{"0":0},"b":{}}
,"C:\\Users\\Zi Jia\\OneDrive - National University of Singapore\\Desktop\\ONE FOLDER TO RULE THEM ALL\\NUS\\MODS\\AY2425S2\\CS4218\\cs4218-2420-ecom-project-team03\\client\\src\\pages\\CartPage.js": {"path":"C:\\Users\\Zi Jia\\OneDrive - National University of Singapore\\Desktop\\ONE FOLDER TO RULE THEM ALL\\NUS\\MODS\\AY2425S2\\CS4218\\cs4218-2420-ecom-project-team03\\client\\src\\pages\\CartPage.js","statementMap":{"0":{"start":{"line":12,"column":17},"end":{"line":201,"column":1}},"1":{"start":{"line":13,"column":26},"end":{"line":13,"column":35}},"2":{"start":{"line":14,"column":26},"end":{"line":14,"column":35}},"3":{"start":{"line":15,"column":40},"end":{"line":15,"column":52}},"4":{"start":{"line":16,"column":34},"end":{"line":16,"column":46}},"5":{"start":{"line":17,"column":32},"end":{"line":17,"column":47}},"6":{"start":{"line":18,"column":19},"end":{"line":18,"column":32}},"7":{"start":{"line":21,"column":21},"end":{"line":34,"column":3}},"8":{"start":{"line":22,"column":4},"end":{"line":33,"column":5}},"9":{"start":{"line":23,"column":18},"end":{"line":23,"column":19}},"10":{"start":{"line":24,"column":6},"end":{"line":26,"column":9}},"11":{"start":{"line":25,"column":8},"end":{"line":25,"column":35}},"12":{"start":{"line":27,"column":6},"end":{"line":30,"column":9}},"13":{"start":{"line":32,"column":6},"end":{"line":32,"column":25}},"14":{"start":{"line":36,"column":25},"end":{"line":46,"column":3}},"15":{"start":{"line":37,"column":4},"end":{"line":45,"column":5}},"16":{"start":{"line":38,"column":19},"end":{"line":38,"column":28}},"17":{"start":{"line":39,"column":18},"end":{"line":39,"column":62}},"18":{"start":{"line":39,"column":45},"end":{"line":39,"column":61}},"19":{"start":{"line":40,"column":6},"end":{"line":40,"column":30}},"20":{"start":{"line":41,"column":6},"end":{"line":41,"column":22}},"21":{"start":{"line":42,"column":6},"end":{"line":42,"column":59}},"22":{"start":{"line":44,"column":6},"end":{"line":44,"column":25}},"23":{"start":{"line":49,"column":19},"end":{"line":56,"column":3}},"24":{"start":{"line":50,"column":4},"end":{"line":55,"column":5}},"25":{"start":{"line":51,"column":23},"end":{"line":51,"column":73}},"26":{"start":{"line":52,"column":6},"end":{"line":52,"column":40}},"27":{"start":{"line":54,"column":6},"end":{"line":54,"column":25}},"28":{"start":{"line":57,"column":2},"end":{"line":59,"column":20}},"29":{"start":{"line":58,"column":4},"end":{"line":58,"column":15}},"30":{"start":{"line":62,"column":24},"end":{"line":79,"column":3}},"31":{"start":{"line":63,"column":4},"end":{"line":78,"column":5}},"32":{"start":{"line":64,"column":6},"end":{"line":64,"column":23}},"33":{"start":{"line":65,"column":24},"end":{"line":65,"column":61}},"34":{"start":{"line":66,"column":23},"end":{"line":69,"column":8}},"35":{"start":{"line":70,"column":6},"end":{"line":70,"column":24}},"36":{"start":{"line":71,"column":6},"end":{"line":71,"column":38}},"37":{"start":{"line":72,"column":6},"end":{"line":72,"column":18}},"38":{"start":{"line":73,"column":6},"end":{"line":73,"column":41}},"39":{"start":{"line":74,"column":6},"end":{"line":74,"column":55}},"40":{"start":{"line":76,"column":6},"end":{"line":76,"column":25}},"41":{"start":{"line":77,"column":6},"end":{"line":77,"column":24}},"42":{"start":{"line":80,"column":2},"end":{"line":200,"column":4}},"43":{"start":{"line":103,"column":16},"end":{"line":126,"column":22}},"44":{"start":{"line":121,"column":37},"end":{"line":121,"column":58}},"45":{"start":{"line":141,"column":37},"end":{"line":141,"column":72}},"46":{"start":{"line":152,"column":37},"end":{"line":152,"column":72}},"47":{"start":{"line":160,"column":24},"end":{"line":162,"column":26}},"48":{"start":{"line":182,"column":48},"end":{"line":182,"column":69}}},"fnMap":{"0":{"name":"(anonymous_0)","decl":{"start":{"line":12,"column":17},"end":{"line":12,"column":18}},"loc":{"start":{"line":12,"column":23},"end":{"line":201,"column":1}},"line":12},"1":{"name":"(anonymous_1)","decl":{"start":{"line":21,"column":21},"end":{"line":21,"column":22}},"loc":{"start":{"line":21,"column":27},"end":{"line":34,"column":3}},"line":21},"2":{"name":"(anonymous_2)","decl":{"start":{"line":24,"column":16},"end":{"line":24,"column":17}},"loc":{"start":{"line":24,"column":26},"end":{"line":26,"column":7}},"line":24},"3":{"name":"(anonymous_3)","decl":{"start":{"line":36,"column":25},"end":{"line":36,"column":26}},"loc":{"start":{"line":36,"column":34},"end":{"line":46,"column":3}},"line":36},"4":{"name":"(anonymous_4)","decl":{"start":{"line":39,"column":35},"end":{"line":39,"column":36}},"loc":{"start":{"line":39,"column":45},"end":{"line":39,"column":61}},"line":39},"5":{"name":"(anonymous_5)","decl":{"start":{"line":49,"column":19},"end":{"line":49,"column":20}},"loc":{"start":{"line":49,"column":31},"end":{"line":56,"column":3}},"line":49},"6":{"name":"(anonymous_6)","decl":{"start":{"line":57,"column":12},"end":{"line":57,"column":13}},"loc":{"start":{"line":57,"column":18},"end":{"line":59,"column":3}},"line":57},"7":{"name":"(anonymous_7)","decl":{"start":{"line":62,"column":24},"end":{"line":62,"column":25}},"loc":{"start":{"line":62,"column":36},"end":{"line":79,"column":3}},"line":62},"8":{"name":"(anonymous_8)","decl":{"start":{"line":102,"column":25},"end":{"line":102,"column":26}},"loc":{"start":{"line":103,"column":16},"end":{"line":126,"column":22}},"line":103},"9":{"name":"(anonymous_9)","decl":{"start":{"line":121,"column":31},"end":{"line":121,"column":32}},"loc":{"start":{"line":121,"column":37},"end":{"line":121,"column":58}},"line":121},"10":{"name":"(anonymous_10)","decl":{"start":{"line":141,"column":31},"end":{"line":141,"column":32}},"loc":{"start":{"line":141,"column":37},"end":{"line":141,"column":72}},"line":141},"11":{"name":"(anonymous_11)","decl":{"start":{"line":152,"column":31},"end":{"line":152,"column":32}},"loc":{"start":{"line":152,"column":37},"end":{"line":152,"column":72}},"line":152},"12":{"name":"(anonymous_12)","decl":{"start":{"line":159,"column":31},"end":{"line":159,"column":32}},"loc":{"start":{"line":160,"column":24},"end":{"line":162,"column":26}},"line":160},"13":{"name":"(anonymous_13)","decl":{"start":{"line":182,"column":34},"end":{"line":182,"column":35}},"loc":{"start":{"line":182,"column":48},"end":{"line":182,"column":69}},"line":182}},"branchMap":{"0":{"loc":{"start":{"line":86,"column":15},"end":{"line":88,"column":61}},"type":"cond-expr","locations":[{"start":{"line":87,"column":18},"end":{"line":87,"column":31}},{"start":{"line":88,"column":18},"end":{"line":88,"column":61}}],"line":86},"1":{"loc":{"start":{"line":88,"column":28},"end":{"line":88,"column":59}},"type":"binary-expr","locations":[{"start":{"line":88,"column":28},"end":{"line":88,"column":39}},{"start":{"line":88,"column":43},"end":{"line":88,"column":59}}],"line":88},"2":{"loc":{"start":{"line":90,"column":17},"end":{"line":94,"column":41}},"type":"cond-expr","locations":[{"start":{"line":91,"column":20},"end":{"line":93,"column":22}},{"start":{"line":94,"column":20},"end":{"line":94,"column":41}}],"line":90},"3":{"loc":{"start":{"line":92,"column":22},"end":{"line":92,"column":69}},"type":"cond-expr","locations":[{"start":{"line":92,"column":36},"end":{"line":92,"column":38}},{"start":{"line":92,"column":41},"end":{"line":92,"column":69}}],"line":92},"4":{"loc":{"start":{"line":134,"column":15},"end":{"line":169,"column":15}},"type":"cond-expr","locations":[{"start":{"line":135,"column":16},"end":{"line":146,"column":19}},{"start":{"line":148,"column":16},"end":{"line":168,"column":22}}],"line":134},"5":{"loc":{"start":{"line":149,"column":19},"end":{"line":167,"column":19}},"type":"cond-expr","locations":[{"start":{"line":150,"column":20},"end":{"line":155,"column":29}},{"start":{"line":157,"column":20},"end":{"line":166,"column":29}}],"line":149},"6":{"loc":{"start":{"line":171,"column":17},"end":{"line":193,"column":17}},"type":"cond-expr","locations":[{"start":{"line":172,"column":18},"end":{"line":172,"column":20}},{"start":{"line":174,"column":18},"end":{"line":192,"column":21}}],"line":171},"7":{"loc":{"start":{"line":171,"column":17},"end":{"line":171,"column":62}},"type":"binary-expr","locations":[{"start":{"line":171,"column":17},"end":{"line":171,"column":29}},{"start":{"line":171,"column":33},"end":{"line":171,"column":45}},{"start":{"line":171,"column":49},"end":{"line":171,"column":62}}],"line":171},"8":{"loc":{"start":{"line":188,"column":32},"end":{"line":188,"column":76}},"type":"binary-expr","locations":[{"start":{"line":188,"column":32},"end":{"line":188,"column":39}},{"start":{"line":188,"column":43},"end":{"line":188,"column":52}},{"start":{"line":188,"column":56},"end":{"line":188,"column":76}}],"line":188},"9":{"loc":{"start":{"line":190,"column":23},"end":{"line":190,"column":67}},"type":"cond-expr","locations":[{"start":{"line":190,"column":33},"end":{"line":190,"column":50}},{"start":{"line":190,"column":53},"end":{"line":190,"column":67}}],"line":190}},"s":{"0":0,"1":0,"2":0,"3":0,"4":0,"5":0,"6":0,"7":0,"8":0,"9":0,"10":0,"11":0,"12":0,"13":0,"14":0,"15":0,"16":0,"17":0,"18":0,"19":0,"20":0,"21":0,"22":0,"23":0,"24":0,"25":0,"26":0,"27":0,"28":0,"29":0,"30":0,"31":0,"32":0,"33":0,"34":0,"35":0,"36":0,"37":0,"38":0,"39":0,"40":0,"41":0,"42":0,"43":0,"44":0,"45":0,"46":0,"47":0,"48":0},"f":{"0":0,"1":0,"2":0,"3":0,"4":0,"5":0,"6":0,"7":0,"8":0,"9":0,"10":0,"11":0,"12":0,"13":0},"b":{"0":[0,0],"1":[0,0],"2":[0,0],"3":[0,0],"4":[0,0],"5":[0,0],"6":[0,0],"7":[0,0,0],"8":[0,0,0],"9":[0,0]}}
,"C:\\Users\\Zi Jia\\OneDrive - National University of Singapore\\Desktop\\ONE FOLDER TO RULE THEM ALL\\NUS\\MODS\\AY2425S2\\CS4218\\cs4218-2420-ecom-project-team03\\client\\src\\pages\\Categories.js": {"path":"C:\\Users\\Zi Jia\\OneDrive - National University of Singapore\\Desktop\\ONE FOLDER TO RULE THEM ALL\\NUS\\MODS\\AY2425S2\\CS4218\\cs4218-2420-ecom-project-team03\\client\\src\\pages\\Categories.js","statementMap":{"0":{"start":{"line":5,"column":19},"end":{"line":22,"column":1}},"1":{"start":{"line":6,"column":21},"end":{"line":6,"column":34}},"2":{"start":{"line":7,"column":2},"end":{"line":21,"column":4}},"3":{"start":{"line":12,"column":12},"end":{"line":16,"column":18}}},"fnMap":{"0":{"name":"(anonymous_0)","decl":{"start":{"line":5,"column":19},"end":{"line":5,"column":20}},"loc":{"start":{"line":5,"column":25},"end":{"line":22,"column":1}},"line":5},"1":{"name":"(anonymous_1)","decl":{"start":{"line":11,"column":26},"end":{"line":11,"column":27}},"loc":{"start":{"line":12,"column":12},"end":{"line":16,"column":18}},"line":12}},"branchMap":{},"s":{"0":0,"1":0,"2":0,"3":0},"f":{"0":0,"1":0},"b":{}}
,"C:\\Users\\Zi Jia\\OneDrive - National University of Singapore\\Desktop\\ONE FOLDER TO RULE THEM ALL\\NUS\\MODS\\AY2425S2\\CS4218\\cs4218-2420-ecom-project-team03\\client\\src\\pages\\CategoryProduct.js": {"path":"C:\\Users\\Zi Jia\\OneDrive - National University of Singapore\\Desktop\\ONE FOLDER TO RULE THEM ALL\\NUS\\MODS\\AY2425S2\\CS4218\\cs4218-2420-ecom-project-team03\\client\\src\\pages\\CategoryProduct.js","statementMap":{"0":{"start":{"line":6,"column":24},"end":{"line":98,"column":1}},"1":{"start":{"line":7,"column":17},"end":{"line":7,"column":28}},"2":{"start":{"line":8,"column":19},"end":{"line":8,"column":32}},"3":{"start":{"line":9,"column":34},"end":{"line":9,"column":46}},"4":{"start":{"line":10,"column":34},"end":{"line":10,"column":46}},"5":{"start":{"line":12,"column":2},"end":{"line":14,"column":21}},"6":{"start":{"line":13,"column":4},"end":{"line":13,"column":40}},"7":{"start":{"line":13,"column":22},"end":{"line":13,"column":40}},"8":{"start":{"line":15,"column":26},"end":{"line":25,"column":3}},"9":{"start":{"line":16,"column":4},"end":{"line":24,"column":5}},"10":{"start":{"line":17,"column":23},"end":{"line":19,"column":7}},"11":{"start":{"line":20,"column":6},"end":{"line":20,"column":34}},"12":{"start":{"line":21,"column":6},"end":{"line":21,"column":34}},"13":{"start":{"line":23,"column":6},"end":{"line":23,"column":25}},"14":{"start":{"line":27,"column":2},"end":{"line":97,"column":4}},"15":{"start":{"line":36,"column":16},"end":{"line":77,"column":22}},"16":{"start":{"line":58,"column":39},"end":{"line":58,"column":69}}},"fnMap":{"0":{"name":"(anonymous_0)","decl":{"start":{"line":6,"column":24},"end":{"line":6,"column":25}},"loc":{"start":{"line":6,"column":30},"end":{"line":98,"column":1}},"line":6},"1":{"name":"(anonymous_1)","decl":{"start":{"line":12,"column":12},"end":{"line":12,"column":13}},"loc":{"start":{"line":12,"column":18},"end":{"line":14,"column":3}},"line":12},"2":{"name":"(anonymous_2)","decl":{"start":{"line":15,"column":26},"end":{"line":15,"column":27}},"loc":{"start":{"line":15,"column":38},"end":{"line":25,"column":3}},"line":15},"3":{"name":"(anonymous_3)","decl":{"start":{"line":35,"column":29},"end":{"line":35,"column":30}},"loc":{"start":{"line":36,"column":16},"end":{"line":77,"column":22}},"line":36},"4":{"name":"(anonymous_4)","decl":{"start":{"line":58,"column":33},"end":{"line":58,"column":34}},"loc":{"start":{"line":58,"column":39},"end":{"line":58,"column":69}},"line":58}},"branchMap":{"0":{"loc":{"start":{"line":13,"column":4},"end":{"line":13,"column":40}},"type":"if","locations":[{"start":{"line":13,"column":4},"end":{"line":13,"column":40}},{"start":{},"end":{}}],"line":13}},"s":{"0":0,"1":0,"2":0,"3":0,"4":0,"5":0,"6":0,"7":0,"8":0,"9":0,"10":0,"11":0,"12":0,"13":0,"14":0,"15":0,"16":0},"f":{"0":0,"1":0,"2":0,"3":0,"4":0},"b":{"0":[0,0]}}
,"C:\\Users\\Zi Jia\\OneDrive - National University of Singapore\\Desktop\\ONE FOLDER TO RULE THEM ALL\\NUS\\MODS\\AY2425S2\\CS4218\\cs4218-2420-ecom-project-team03\\client\\src\\pages\\Contact.js": {"path":"C:\\Users\\Zi Jia\\OneDrive - National University of Singapore\\Desktop\\ONE FOLDER TO RULE THEM ALL\\NUS\\MODS\\AY2425S2\\CS4218\\cs4218-2420-ecom-project-team03\\client\\src\\pages\\Contact.js","statementMap":{"0":{"start":{"line":4,"column":16},"end":{"line":34,"column":1}},"1":{"start":{"line":5,"column":2},"end":{"line":33,"column":4}}},"fnMap":{"0":{"name":"(anonymous_0)","decl":{"start":{"line":4,"column":16},"end":{"line":4,"column":17}},"loc":{"start":{"line":4,"column":22},"end":{"line":34,"column":1}},"line":4}},"branchMap":{},"s":{"0":0,"1":0},"f":{"0":0},"b":{}}
,"C:\\Users\\Zi Jia\\OneDrive - National University of Singapore\\Desktop\\ONE FOLDER TO RULE THEM ALL\\NUS\\MODS\\AY2425S2\\CS4218\\cs4218-2420-ecom-project-team03\\client\\src\\pages\\HomePage.js": {"path":"C:\\Users\\Zi Jia\\OneDrive - National University of Singapore\\Desktop\\ONE FOLDER TO RULE THEM ALL\\NUS\\MODS\\AY2425S2\\CS4218\\cs4218-2420-ecom-project-team03\\client\\src\\pages\\HomePage.js","statementMap":{"0":{"start":{"line":12,"column":17},"end":{"line":243,"column":1}},"1":{"start":{"line":13,"column":19},"end":{"line":13,"column":32}},"2":{"start":{"line":14,"column":26},"end":{"line":14,"column":35}},"3":{"start":{"line":15,"column":34},"end":{"line":15,"column":46}},"4":{"start":{"line":16,"column":38},"end":{"line":16,"column":50}},"5":{"start":{"line":17,"column":32},"end":{"line":17,"column":44}},"6":{"start":{"line":18,"column":28},"end":{"line":18,"column":40}},"7":{"start":{"line":19,"column":28},"end":{"line":19,"column":39}},"8":{"start":{"line":20,"column":26},"end":{"line":20,"column":37}},"9":{"start":{"line":21,"column":32},"end":{"line":21,"column":47}},"10":{"start":{"line":22,"column":36},"end":{"line":22,"column":51}},"11":{"start":{"line":25,"column":25},"end":{"line":35,"column":3}},"12":{"start":{"line":26,"column":4},"end":{"line":34,"column":5}},"13":{"start":{"line":27,"column":23},"end":{"line":27,"column":71}},"14":{"start":{"line":28,"column":6},"end":{"line":28,"column":24}},"15":{"start":{"line":29,"column":6},"end":{"line":31,"column":7}},"16":{"start":{"line":30,"column":8},"end":{"line":30,"column":38}},"17":{"start":{"line":33,"column":6},"end":{"line":33,"column":25}},"18":{"start":{"line":37,"column":2},"end":{"line":40,"column":9}},"19":{"start":{"line":38,"column":4},"end":{"line":38,"column":21}},"20":{"start":{"line":39,"column":4},"end":{"line":39,"column":15}},"21":{"start":{"line":42,"column":25},"end":{"line":53,"column":3}},"22":{"start":{"line":43,"column":4},"end":{"line":52,"column":5}},"23":{"start":{"line":44,"column":6},"end":{"line":44,"column":23}},"24":{"start":{"line":45,"column":23},"end":{"line":45,"column":78}},"25":{"start":{"line":46,"column":6},"end":{"line":46,"column":24}},"26":{"start":{"line":47,"column":6},"end":{"line":47,"column":33}},"27":{"start":{"line":48,"column":6},"end":{"line":48,"column":26}},"28":{"start":{"line":50,"column":6},"end":{"line":50,"column":24}},"29":{"start":{"line":51,"column":6},"end":{"line":51,"column":25}},"30":{"start":{"line":56,"column":19},"end":{"line":63,"column":3}},"31":{"start":{"line":57,"column":4},"end":{"line":62,"column":5}},"32":{"start":{"line":58,"column":23},"end":{"line":58,"column":71}},"33":{"start":{"line":59,"column":6},"end":{"line":59,"column":28}},"34":{"start":{"line":61,"column":6},"end":{"line":61,"column":25}},"35":{"start":{"line":65,"column":2},"end":{"line":68,"column":13}},"36":{"start":{"line":66,"column":4},"end":{"line":66,"column":27}},"37":{"start":{"line":66,"column":20},"end":{"line":66,"column":27}},"38":{"start":{"line":67,"column":4},"end":{"line":67,"column":15}},"39":{"start":{"line":70,"column":19},"end":{"line":80,"column":3}},"40":{"start":{"line":71,"column":4},"end":{"line":79,"column":5}},"41":{"start":{"line":72,"column":6},"end":{"line":72,"column":23}},"42":{"start":{"line":73,"column":23},"end":{"line":73,"column":78}},"43":{"start":{"line":74,"column":6},"end":{"line":74,"column":24}},"44":{"start":{"line":75,"column":6},"end":{"line":75,"column":52}},"45":{"start":{"line":77,"column":6},"end":{"line":77,"column":25}},"46":{"start":{"line":78,"column":6},"end":{"line":78,"column":24}},"47":{"start":{"line":83,"column":23},"end":{"line":91,"column":3}},"48":{"start":{"line":84,"column":14},"end":{"line":84,"column":26}},"49":{"start":{"line":85,"column":4},"end":{"line":89,"column":5}},"50":{"start":{"line":86,"column":6},"end":{"line":86,"column":19}},"51":{"start":{"line":88,"column":6},"end":{"line":88,"column":40}},"52":{"start":{"line":88,"column":30},"end":{"line":88,"column":38}},"53":{"start":{"line":90,"column":4},"end":{"line":90,"column":20}},"54":{"start":{"line":93,"column":2},"end":{"line":95,"column":37}},"55":{"start":{"line":94,"column":4},"end":{"line":94,"column":69}},"56":{"start":{"line":94,"column":52},"end":{"line":94,"column":69}},"57":{"start":{"line":97,"column":2},"end":{"line":99,"column":23}},"58":{"start":{"line":98,"column":4},"end":{"line":98,"column":56}},"59":{"start":{"line":98,"column":40},"end":{"line":98,"column":56}},"60":{"start":{"line":102,"column":24},"end":{"line":113,"column":3}},"61":{"start":{"line":103,"column":4},"end":{"line":112,"column":5}},"62":{"start":{"line":104,"column":23},"end":{"line":107,"column":8}},"63":{"start":{"line":108,"column":6},"end":{"line":108,"column":34}},"64":{"start":{"line":109,"column":6},"end":{"line":109,"column":25}},"65":{"start":{"line":111,"column":6},"end":{"line":111,"column":25}},"66":{"start":{"line":114,"column":2},"end":{"line":242,"column":4}},"67":{"start":{"line":129,"column":14},"end":{"line":134,"column":25}},"68":{"start":{"line":131,"column":33},"end":{"line":131,"column":70}},"69":{"start":{"line":142,"column":32},"end":{"line":142,"column":49}},"70":{"start":{"line":143,"column":14},"end":{"line":159,"column":16}},"71":{"start":{"line":149,"column":22},"end":{"line":153,"column":23}},"72":{"start":{"line":150,"column":24},"end":{"line":150,"column":37}},"73":{"start":{"line":152,"column":24},"end":{"line":152,"column":42}},"74":{"start":{"line":166,"column":29},"end":{"line":166,"column":53}},"75":{"start":{"line":176,"column":14},"end":{"line":217,"column":20}},"76":{"start":{"line":198,"column":37},"end":{"line":198,"column":67}},"77":{"start":{"line":205,"column":24},"end":{"line":205,"column":46}},"78":{"start":{"line":206,"column":24},"end":{"line":209,"column":26}},"79":{"start":{"line":210,"column":24},"end":{"line":210,"column":60}},"80":{"start":{"line":225,"column":18},"end":{"line":225,"column":37}},"81":{"start":{"line":226,"column":18},"end":{"line":226,"column":36}}},"fnMap":{"0":{"name":"(anonymous_0)","decl":{"start":{"line":12,"column":17},"end":{"line":12,"column":18}},"loc":{"start":{"line":12,"column":23},"end":{"line":243,"column":1}},"line":12},"1":{"name":"(anonymous_1)","decl":{"start":{"line":25,"column":25},"end":{"line":25,"column":26}},"loc":{"start":{"line":25,"column":37},"end":{"line":35,"column":3}},"line":25},"2":{"name":"(anonymous_2)","decl":{"start":{"line":37,"column":12},"end":{"line":37,"column":13}},"loc":{"start":{"line":37,"column":18},"end":{"line":40,"column":3}},"line":37},"3":{"name":"(anonymous_3)","decl":{"start":{"line":42,"column":25},"end":{"line":42,"column":26}},"loc":{"start":{"line":42,"column":37},"end":{"line":53,"column":3}},"line":42},"4":{"name":"(anonymous_4)","decl":{"start":{"line":56,"column":19},"end":{"line":56,"column":20}},"loc":{"start":{"line":56,"column":31},"end":{"line":63,"column":3}},"line":56},"5":{"name":"(anonymous_5)","decl":{"start":{"line":65,"column":12},"end":{"line":65,"column":13}},"loc":{"start":{"line":65,"column":18},"end":{"line":68,"column":3}},"line":65},"6":{"name":"(anonymous_6)","decl":{"start":{"line":70,"column":19},"end":{"line":70,"column":20}},"loc":{"start":{"line":70,"column":31},"end":{"line":80,"column":3}},"line":70},"7":{"name":"(anonymous_7)","decl":{"start":{"line":83,"column":23},"end":{"line":83,"column":24}},"loc":{"start":{"line":83,"column":38},"end":{"line":91,"column":3}},"line":83},"8":{"name":"(anonymous_8)","decl":{"start":{"line":88,"column":23},"end":{"line":88,"column":24}},"loc":{"start":{"line":88,"column":30},"end":{"line":88,"column":38}},"line":88},"9":{"name":"(anonymous_9)","decl":{"start":{"line":93,"column":12},"end":{"line":93,"column":13}},"loc":{"start":{"line":93,"column":18},"end":{"line":95,"column":3}},"line":93},"10":{"name":"(anonymous_10)","decl":{"start":{"line":97,"column":12},"end":{"line":97,"column":13}},"loc":{"start":{"line":97,"column":18},"end":{"line":99,"column":3}},"line":97},"11":{"name":"(anonymous_11)","decl":{"start":{"line":102,"column":24},"end":{"line":102,"column":25}},"loc":{"start":{"line":102,"column":36},"end":{"line":113,"column":3}},"line":102},"12":{"name":"(anonymous_12)","decl":{"start":{"line":128,"column":29},"end":{"line":128,"column":30}},"loc":{"start":{"line":129,"column":14},"end":{"line":134,"column":25}},"line":129},"13":{"name":"(anonymous_13)","decl":{"start":{"line":131,"column":26},"end":{"line":131,"column":27}},"loc":{"start":{"line":131,"column":33},"end":{"line":131,"column":70}},"line":131},"14":{"name":"(anonymous_14)","decl":{"start":{"line":141,"column":25},"end":{"line":141,"column":26}},"loc":{"start":{"line":141,"column":32},"end":{"line":160,"column":13}},"line":141},"15":{"name":"(anonymous_15)","decl":{"start":{"line":148,"column":29},"end":{"line":148,"column":30}},"loc":{"start":{"line":148,"column":35},"end":{"line":154,"column":21}},"line":148},"16":{"name":"(anonymous_16)","decl":{"start":{"line":166,"column":23},"end":{"line":166,"column":24}},"loc":{"start":{"line":166,"column":29},"end":{"line":166,"column":53}},"line":166},"17":{"name":"(anonymous_17)","decl":{"start":{"line":175,"column":27},"end":{"line":175,"column":28}},"loc":{"start":{"line":176,"column":14},"end":{"line":217,"column":20}},"line":176},"18":{"name":"(anonymous_18)","decl":{"start":{"line":198,"column":31},"end":{"line":198,"column":32}},"loc":{"start":{"line":198,"column":37},"end":{"line":198,"column":67}},"line":198},"19":{"name":"(anonymous_19)","decl":{"start":{"line":204,"column":31},"end":{"line":204,"column":32}},"loc":{"start":{"line":204,"column":37},"end":{"line":211,"column":23}},"line":204},"20":{"name":"(anonymous_20)","decl":{"start":{"line":224,"column":25},"end":{"line":224,"column":26}},"loc":{"start":{"line":224,"column":32},"end":{"line":227,"column":17}},"line":224}},"branchMap":{"0":{"loc":{"start":{"line":29,"column":6},"end":{"line":31,"column":7}},"type":"if","locations":[{"start":{"line":29,"column":6},"end":{"line":31,"column":7}},{"start":{},"end":{}}],"line":29},"1":{"loc":{"start":{"line":66,"column":4},"end":{"line":66,"column":27}},"type":"if","locations":[{"start":{"line":66,"column":4},"end":{"line":66,"column":27}},{"start":{},"end":{}}],"line":66},"2":{"loc":{"start":{"line":85,"column":4},"end":{"line":89,"column":5}},"type":"if","locations":[{"start":{"line":85,"column":4},"end":{"line":89,"column":5}},{"start":{"line":87,"column":11},"end":{"line":89,"column":5}}],"line":85},"3":{"loc":{"start":{"line":94,"column":4},"end":{"line":94,"column":69}},"type":"if","locations":[{"start":{"line":94,"column":4},"end":{"line":94,"column":69}},{"start":{},"end":{}}],"line":94},"4":{"loc":{"start":{"line":94,"column":8},"end":{"line":94,"column":50}},"type":"binary-expr","locations":[{"start":{"line":94,"column":8},"end":{"line":94,"column":28}},{"start":{"line":94,"column":32},"end":{"line":94,"column":50}}],"line":94},"5":{"loc":{"start":{"line":98,"column":4},"end":{"line":98,"column":56}},"type":"if","locations":[{"start":{"line":98,"column":4},"end":{"line":98,"column":56}},{"start":{},"end":{}}],"line":98},"6":{"loc":{"start":{"line":98,"column":8},"end":{"line":98,"column":38}},"type":"binary-expr","locations":[{"start":{"line":98,"column":8},"end":{"line":98,"column":22}},{"start":{"line":98,"column":26},"end":{"line":98,"column":38}}],"line":98},"7":{"loc":{"start":{"line":149,"column":22},"end":{"line":153,"column":23}},"type":"if","locations":[{"start":{"line":149,"column":22},"end":{"line":153,"column":23}},{"start":{"line":151,"column":29},"end":{"line":153,"column":23}}],"line":149},"8":{"loc":{"start":{"line":221,"column":13},"end":{"line":237,"column":13}},"type":"binary-expr","locations":[{"start":{"line":221,"column":13},"end":{"line":221,"column":21}},{"start":{"line":221,"column":25},"end":{"line":221,"column":35}},{"start":{"line":221,"column":39},"end":{"line":221,"column":62}},{"start":{"line":222,"column":14},"end":{"line":236,"column":23}}],"line":221},"9":{"loc":{"start":{"line":229,"column":17},"end":{"line":235,"column":17}},"type":"cond-expr","locations":[{"start":{"line":230,"column":18},"end":{"line":230,"column":31}},{"start":{"line":232,"column":18},"end":{"line":234,"column":21}}],"line":229}},"s":{"0":1,"1":98,"2":98,"3":98,"4":97,"5":97,"6":97,"7":97,"8":97,"9":97,"10":97,"11":97,"12":19,"13":19,"14":18,"15":18,"16":18,"17":1,"18":97,"19":19,"20":19,"21":97,"22":21,"23":21,"24":21,"25":20,"26":20,"27":20,"28":1,"29":1,"30":97,"31":19,"32":19,"33":18,"34":1,"35":97,"36":22,"37":19,"38":3,"39":97,"40":3,"41":3,"42":3,"43":2,"44":2,"45":1,"46":1,"47":97,"48":20,"49":20,"50":18,"51":2,"52":3,"53":20,"54":97,"55":49,"56":21,"57":97,"58":49,"59":28,"60":97,"61":28,"62":28,"63":1,"64":1,"65":27,"66":97,"67":174,"68":20,"69":582,"70":582,"71":10,"72":2,"73":8,"74":1,"75":373,"76":1,"77":1,"78":1,"79":1,"80":3,"81":3},"f":{"0":98,"1":19,"2":19,"3":21,"4":19,"5":22,"6":3,"7":20,"8":3,"9":49,"10":49,"11":28,"12":174,"13":20,"14":582,"15":10,"16":1,"17":373,"18":1,"19":1,"20":3},"b":{"0":[18,0],"1":[19,3],"2":[18,2],"3":[21,28],"4":[49,24],"5":[28,21],"6":[49,24],"7":[2,8],"8":[97,97,97,10],"9":[3,7]},"_coverageSchema":"1a1c01bbd47fc00a2c39e90264f33305004495a9","hash":"5c0a527fd2e74b74537587e946e27d3d95feaab6"}
,"C:\\Users\\Zi Jia\\OneDrive - National University of Singapore\\Desktop\\ONE FOLDER TO RULE THEM ALL\\NUS\\MODS\\AY2425S2\\CS4218\\cs4218-2420-ecom-project-team03\\client\\src\\pages\\Pagenotfound.js": {"path":"C:\\Users\\Zi Jia\\OneDrive - National University of Singapore\\Desktop\\ONE FOLDER TO RULE THEM ALL\\NUS\\MODS\\AY2425S2\\CS4218\\cs4218-2420-ecom-project-team03\\client\\src\\pages\\Pagenotfound.js","statementMap":{"0":{"start":{"line":5,"column":21},"end":{"line":17,"column":1}},"1":{"start":{"line":6,"column":2},"end":{"line":16,"column":4}}},"fnMap":{"0":{"name":"(anonymous_0)","decl":{"start":{"line":5,"column":21},"end":{"line":5,"column":22}},"loc":{"start":{"line":5,"column":27},"end":{"line":17,"column":1}},"line":5}},"branchMap":{},"s":{"0":0,"1":0},"f":{"0":0},"b":{}}
,"C:\\Users\\Zi Jia\\OneDrive - National University of Singapore\\Desktop\\ONE FOLDER TO RULE THEM ALL\\NUS\\MODS\\AY2425S2\\CS4218\\cs4218-2420-ecom-project-team03\\client\\src\\pages\\Policy.js": {"path":"C:\\Users\\Zi Jia\\OneDrive - National University of Singapore\\Desktop\\ONE FOLDER TO RULE THEM ALL\\NUS\\MODS\\AY2425S2\\CS4218\\cs4218-2420-ecom-project-team03\\client\\src\\pages\\Policy.js","statementMap":{"0":{"start":{"line":4,"column":15},"end":{"line":27,"column":1}},"1":{"start":{"line":5,"column":2},"end":{"line":26,"column":4}}},"fnMap":{"0":{"name":"(anonymous_0)","decl":{"start":{"line":4,"column":15},"end":{"line":4,"column":16}},"loc":{"start":{"line":4,"column":21},"end":{"line":27,"column":1}},"line":4}},"branchMap":{},"s":{"0":0,"1":0},"f":{"0":0},"b":{}}
,"C:\\Users\\Zi Jia\\OneDrive - National University of Singapore\\Desktop\\ONE FOLDER TO RULE THEM ALL\\NUS\\MODS\\AY2425S2\\CS4218\\cs4218-2420-ecom-project-team03\\client\\src\\pages\\ProductDetails.js": {"path":"C:\\Users\\Zi Jia\\OneDrive - National University of Singapore\\Desktop\\ONE FOLDER TO RULE THEM ALL\\NUS\\MODS\\AY2425S2\\CS4218\\cs4218-2420-ecom-project-team03\\client\\src\\pages\\ProductDetails.js","statementMap":{"0":{"start":{"line":7,"column":23},"end":{"line":123,"column":1}},"1":{"start":{"line":8,"column":17},"end":{"line":8,"column":28}},"2":{"start":{"line":9,"column":19},"end":{"line":9,"column":32}},"3":{"start":{"line":10,"column":32},"end":{"line":10,"column":44}},"4":{"start":{"line":11,"column":48},"end":{"line":11,"column":60}},"5":{"start":{"line":14,"column":2},"end":{"line":16,"column":21}},"6":{"start":{"line":15,"column":4},"end":{"line":15,"column":35}},"7":{"start":{"line":15,"column":22},"end":{"line":15,"column":35}},"8":{"start":{"line":18,"column":21},"end":{"line":28,"column":3}},"9":{"start":{"line":19,"column":4},"end":{"line":27,"column":5}},"10":{"start":{"line":20,"column":23},"end":{"line":22,"column":7}},"11":{"start":{"line":23,"column":6},"end":{"line":23,"column":32}},"12":{"start":{"line":24,"column":6},"end":{"line":24,"column":71}},"13":{"start":{"line":26,"column":6},"end":{"line":26,"column":25}},"14":{"start":{"line":30,"column":28},"end":{"line":39,"column":3}},"15":{"start":{"line":31,"column":4},"end":{"line":38,"column":5}},"16":{"start":{"line":32,"column":23},"end":{"line":34,"column":7}},"17":{"start":{"line":35,"column":6},"end":{"line":35,"column":41}},"18":{"start":{"line":37,"column":6},"end":{"line":37,"column":25}},"19":{"start":{"line":40,"column":2},"end":{"line":122,"column":4}},"20":{"start":{"line":76,"column":12},"end":{"line":117,"column":18}},"21":{"start":{"line":98,"column":35},"end":{"line":98,"column":65}}},"fnMap":{"0":{"name":"(anonymous_0)","decl":{"start":{"line":7,"column":23},"end":{"line":7,"column":24}},"loc":{"start":{"line":7,"column":29},"end":{"line":123,"column":1}},"line":7},"1":{"name":"(anonymous_1)","decl":{"start":{"line":14,"column":12},"end":{"line":14,"column":13}},"loc":{"start":{"line":14,"column":18},"end":{"line":16,"column":3}},"line":14},"2":{"name":"(anonymous_2)","decl":{"start":{"line":18,"column":21},"end":{"line":18,"column":22}},"loc":{"start":{"line":18,"column":33},"end":{"line":28,"column":3}},"line":18},"3":{"name":"(anonymous_3)","decl":{"start":{"line":30,"column":28},"end":{"line":30,"column":29}},"loc":{"start":{"line":30,"column":48},"end":{"line":39,"column":3}},"line":30},"4":{"name":"(anonymous_4)","decl":{"start":{"line":75,"column":32},"end":{"line":75,"column":33}},"loc":{"start":{"line":76,"column":12},"end":{"line":117,"column":18}},"line":76},"5":{"name":"(anonymous_5)","decl":{"start":{"line":98,"column":29},"end":{"line":98,"column":30}},"loc":{"start":{"line":98,"column":35},"end":{"line":98,"column":65}},"line":98}},"branchMap":{"0":{"loc":{"start":{"line":15,"column":4},"end":{"line":15,"column":35}},"type":"if","locations":[{"start":{"line":15,"column":4},"end":{"line":15,"column":35}},{"start":{},"end":{}}],"line":15},"1":{"loc":{"start":{"line":71,"column":9},"end":{"line":73,"column":9}},"type":"binary-expr","locations":[{"start":{"line":71,"column":9},"end":{"line":71,"column":35}},{"start":{"line":72,"column":10},"end":{"line":72,"column":66}}],"line":71}},"s":{"0":2,"1":11,"2":10,"3":10,"4":10,"5":10,"6":5,"7":5,"8":10,"9":5,"10":5,"11":5,"12":5,"13":0,"14":10,"15":5,"16":5,"17":5,"18":0,"19":10,"20":4,"21":1},"f":{"0":11,"1":5,"2":5,"3":5,"4":4,"5":1},"b":{"0":[5,0],"1":[10,6]},"_coverageSchema":"1a1c01bbd47fc00a2c39e90264f33305004495a9","hash":"0916ff6ea8f34d30d0dd2f3b4b0a62e6108e8d4e"}
,"C:\\Users\\Zi Jia\\OneDrive - National University of Singapore\\Desktop\\ONE FOLDER TO RULE THEM ALL\\NUS\\MODS\\AY2425S2\\CS4218\\cs4218-2420-ecom-project-team03\\client\\src\\pages\\Search.js": {"path":"C:\\Users\\Zi Jia\\OneDrive - National University of Singapore\\Desktop\\ONE FOLDER TO RULE THEM ALL\\NUS\\MODS\\AY2425S2\\CS4218\\cs4218-2420-ecom-project-team03\\client\\src\\pages\\Search.js","statementMap":{"0":{"start":{"line":4,"column":15},"end":{"line":40,"column":1}},"1":{"start":{"line":5,"column":30},"end":{"line":5,"column":41}},"2":{"start":{"line":6,"column":2},"end":{"line":39,"column":4}},"3":{"start":{"line":18,"column":14},"end":{"line":33,"column":20}}},"fnMap":{"0":{"name":"(anonymous_0)","decl":{"start":{"line":4,"column":15},"end":{"line":4,"column":16}},"loc":{"start":{"line":4,"column":21},"end":{"line":40,"column":1}},"line":4},"1":{"name":"(anonymous_1)","decl":{"start":{"line":17,"column":33},"end":{"line":17,"column":34}},"loc":{"start":{"line":18,"column":14},"end":{"line":33,"column":20}},"line":18}},"branchMap":{"0":{"loc":{"start":{"line":12,"column":13},"end":{"line":14,"column":49}},"type":"cond-expr","locations":[{"start":{"line":13,"column":16},"end":{"line":13,"column":35}},{"start":{"line":14,"column":16},"end":{"line":14,"column":49}}],"line":12}},"s":{"0":0,"1":0,"2":0,"3":0},"f":{"0":0,"1":0},"b":{"0":[0,0]}}
}
