{"/Users/isaacli/Documents/GitHub/cs4218-2420-ecom-project-team03/client/src/context/cart.js": {"path":"/Users/isaacli/Documents/GitHub/cs4218-2420-ecom-project-team03/client/src/context/cart.js","statementMap":{"0":{"start":{"line":3,"column":20},"end":{"line":3,"column":35}},"1":{"start":{"line":4,"column":21},"end":{"line":17,"column":1}},"2":{"start":{"line":5,"column":26},"end":{"line":5,"column":38}},"3":{"start":{"line":7,"column":2},"end":{"line":10,"column":9}},"4":{"start":{"line":8,"column":27},"end":{"line":8,"column":55}},"5":{"start":{"line":9,"column":4},"end":{"line":9,"column":64}},"6":{"start":{"line":9,"column":26},"end":{"line":9,"column":64}},"7":{"start":{"line":12,"column":2},"end":{"line":16,"column":4}},"8":{"start":{"line":20,"column":16},"end":{"line":20,"column":45}},"9":{"start":{"line":20,"column":22},"end":{"line":20,"column":45}}},"fnMap":{"0":{"name":"(anonymous_0)","decl":{"start":{"line":4,"column":21},"end":{"line":4,"column":22}},"loc":{"start":{"line":4,"column":39},"end":{"line":17,"column":1}},"line":4},"1":{"name":"(anonymous_1)","decl":{"start":{"line":7,"column":12},"end":{"line":7,"column":13}},"loc":{"start":{"line":7,"column":18},"end":{"line":10,"column":3}},"line":7},"2":{"name":"(anonymous_2)","decl":{"start":{"line":20,"column":16},"end":{"line":20,"column":17}},"loc":{"start":{"line":20,"column":22},"end":{"line":20,"column":45}},"line":20}},"branchMap":{"0":{"loc":{"start":{"line":9,"column":4},"end":{"line":9,"column":64}},"type":"if","locations":[{"start":{"line":9,"column":4},"end":{"line":9,"column":64}},{"start":{},"end":{}}],"line":9}},"s":{"0":1,"1":1,"2":3,"3":3,"4":2,"5":2,"6":1,"7":3,"8":1,"9":3},"f":{"0":3,"1":2,"2":3},"b":{"0":[1,1]},"_coverageSchema":"1a1c01bbd47fc00a2c39e90264f33305004495a9","hash":"36188a8e8bbf51596e33217b3c49f069b39dfa4d"}
}
