TN:
SF:client\src\pages\About.js
FN:4,(anonymous_0)
FNF:1
FNH:0
FNDA:0,(anonymous_0)
DA:4,0
DA:5,0
LF:2
LH:0
BRF:0
BRH:0
end_of_record
TN:
SF:client\src\pages\CartPage.js
FN:12,(anonymous_0)
FN:21,(anonymous_1)
FN:24,(anonymous_2)
FN:36,(anonymous_3)
FN:39,(anonymous_4)
FN:49,(anonymous_5)
FN:57,(anonymous_6)
FN:62,(anonymous_7)
FN:102,(anonymous_8)
FN:121,(anonymous_9)
FN:141,(anonymous_10)
FN:152,(anonymous_11)
FN:159,(anonymous_12)
FN:182,(anonymous_13)
FNF:14
FNH:0
FNDA:0,(anonymous_0)
FNDA:0,(anonymous_1)
FNDA:0,(anonymous_2)
FNDA:0,(anonymous_3)
FNDA:0,(anonymous_4)
FNDA:0,(anonymous_5)
FNDA:0,(anonymous_6)
FNDA:0,(anonymous_7)
FNDA:0,(anonymous_8)
FNDA:0,(anonymous_9)
FNDA:0,(anonymous_10)
FNDA:0,(anonymous_11)
FNDA:0,(anonymous_12)
FNDA:0,(anonymous_13)
DA:12,0
DA:13,0
DA:14,0
DA:15,0
DA:16,0
DA:17,0
DA:18,0
DA:21,0
DA:22,0
DA:23,0
DA:24,0
DA:25,0
DA:27,0
DA:32,0
DA:36,0
DA:37,0
DA:38,0
DA:39,0
DA:40,0
DA:41,0
DA:42,0
DA:44,0
DA:49,0
DA:50,0
DA:51,0
DA:52,0
DA:54,0
DA:57,0
DA:58,0
DA:62,0
DA:63,0
DA:64,0
DA:65,0
DA:66,0
DA:70,0
DA:71,0
DA:72,0
DA:73,0
DA:74,0
DA:76,0
DA:77,0
DA:80,0
DA:103,0
DA:121,0
DA:141,0
DA:152,0
DA:160,0
DA:182,0
LF:48
LH:0
BRDA:86,0,0,0
BRDA:86,0,1,0
BRDA:88,1,0,0
BRDA:88,1,1,0
BRDA:90,2,0,0
BRDA:90,2,1,0
BRDA:92,3,0,0
BRDA:92,3,1,0
BRDA:134,4,0,0
BRDA:134,4,1,0
BRDA:149,5,0,0
BRDA:149,5,1,0
BRDA:171,6,0,0
BRDA:171,6,1,0
BRDA:171,7,0,0
BRDA:171,7,1,0
BRDA:171,7,2,0
BRDA:188,8,0,0
BRDA:188,8,1,0
BRDA:188,8,2,0
BRDA:190,9,0,0
BRDA:190,9,1,0
BRF:22
BRH:0
end_of_record
TN:
SF:client\src\pages\Categories.js
FN:5,(anonymous_0)
FN:11,(anonymous_1)
FNF:2
FNH:0
FNDA:0,(anonymous_0)
FNDA:0,(anonymous_1)
DA:5,0
DA:6,0
DA:7,0
DA:12,0
LF:4
LH:0
BRF:0
BRH:0
end_of_record
TN:
SF:client\src\pages\CategoryProduct.js
FN:6,(anonymous_0)
FN:12,(anonymous_1)
FN:15,(anonymous_2)
FN:35,(anonymous_3)
FN:58,(anonymous_4)
FNF:5
FNH:0
FNDA:0,(anonymous_0)
FNDA:0,(anonymous_1)
FNDA:0,(anonymous_2)
FNDA:0,(anonymous_3)
FNDA:0,(anonymous_4)
DA:6,0
DA:7,0
DA:8,0
DA:9,0
DA:10,0
DA:12,0
DA:13,0
DA:15,0
DA:16,0
DA:17,0
DA:20,0
DA:21,0
DA:23,0
DA:27,0
DA:36,0
DA:58,0
LF:16
LH:0
BRDA:13,0,0,0
BRDA:13,0,1,0
BRF:2
BRH:0
end_of_record
TN:
SF:client\src\pages\Contact.js
FN:4,(anonymous_0)
FNF:1
FNH:0
FNDA:0,(anonymous_0)
DA:4,0
DA:5,0
LF:2
LH:0
BRF:0
BRH:0
end_of_record
TN:
SF:client\src\pages\HomePage.js
FN:12,(anonymous_0)
FN:25,(anonymous_1)
FN:37,(anonymous_2)
FN:42,(anonymous_3)
FN:57,(anonymous_4)
FN:67,(anonymous_5)
FN:72,(anonymous_6)
FN:86,(anonymous_7)
FN:91,(anonymous_8)
FN:95,(anonymous_9)
FN:99,(anonymous_10)
FN:104,(anonymous_11)
FN:131,(anonymous_12)
FN:134,(anonymous_13)
FN:143,(anonymous_14)
FN:144,(anonymous_15)
FN:154,(anonymous_16)
FN:163,(anonymous_17)
FN:186,(anonymous_18)
FN:192,(anonymous_19)
FN:212,(anonymous_20)
FNF:21
FNH:20
FNDA:32,(anonymous_0)
FNDA:7,(anonymous_1)
FNDA:7,(anonymous_2)
FNDA:7,(anonymous_3)
FNDA:7,(anonymous_4)
FNDA:9,(anonymous_5)
FNDA:2,(anonymous_6)
FNDA:5,(anonymous_7)
FNDA:3,(anonymous_8)
FNDA:12,(anonymous_9)
FNDA:12,(anonymous_10)
FNDA:5,(anonymous_11)
FNDA:51,(anonymous_12)
FNDA:5,(anonymous_13)
FNDA:0,(anonymous_14)
FNDA:186,(anonymous_15)
FNDA:1,(anonymous_16)
FNDA:127,(anonymous_17)
FNDA:1,(anonymous_18)
FNDA:1,(anonymous_19)
FNDA:2,(anonymous_20)
DA:12,1
DA:13,32
DA:14,32
DA:15,32
DA:16,31
DA:17,31
DA:18,31
DA:19,31
DA:20,31
DA:21,31
DA:22,31
DA:25,31
DA:26,7
DA:27,7
DA:28,6
DA:29,6
DA:30,6
DA:33,1
DA:37,31
DA:38,7
DA:39,7
DA:42,31
DA:43,7
DA:44,7
DA:45,7
DA:46,6
DA:47,6
DA:48,6
DA:49,6
DA:51,1
DA:52,1
DA:57,31
DA:58,7
DA:59,7
DA:60,6
DA:61,6
DA:63,1
DA:67,31
DA:68,9
DA:69,2
DA:72,31
DA:73,2
DA:74,2
DA:75,2
DA:76,2
DA:77,2
DA:78,2
DA:80,0
DA:81,0
DA:86,31
DA:87,5
DA:88,5
DA:89,4
DA:91,3
DA:93,5
DA:95,31
DA:96,12
DA:99,31
DA:100,12
DA:104,31
DA:105,5
DA:106,5
DA:110,0
DA:111,0
DA:112,0
DA:114,5
DA:117,31
DA:132,51
DA:134,5
DA:143,0
DA:145,186
DA:154,1
DA:164,127
DA:186,1
DA:193,1
DA:194,1
DA:198,1
DA:213,2
DA:214,2
LF:79
LH:73
BRDA:29,0,0,6
BRDA:29,0,1,0
BRDA:68,1,0,7
BRDA:68,1,1,2
BRDA:88,2,0,4
BRDA:88,2,1,1
BRDA:96,3,0,7
BRDA:96,3,1,5
BRDA:96,4,0,12
BRDA:96,4,1,7
BRDA:100,5,0,5
BRDA:100,5,1,7
BRDA:100,6,0,12
BRDA:100,6,1,7
BRDA:209,7,0,31
BRDA:209,7,1,31
BRDA:209,7,2,31
BRDA:209,7,3,11
BRDA:217,8,0,2
BRDA:217,8,1,9
BRF:20
BRH:19
end_of_record
TN:
SF:client\src\pages\Pagenotfound.js
FN:5,(anonymous_0)
FNF:1
FNH:0
FNDA:0,(anonymous_0)
DA:5,0
DA:6,0
LF:2
LH:0
BRF:0
BRH:0
end_of_record
TN:
SF:client\src\pages\Policy.js
FN:4,(anonymous_0)
FNF:1
FNH:0
FNDA:0,(anonymous_0)
DA:4,0
DA:5,0
LF:2
LH:0
BRF:0
BRH:0
end_of_record
TN:
SF:client\src\pages\ProductDetails.js
FN:7,(anonymous_0)
FN:14,(anonymous_1)
FN:18,(anonymous_2)
FN:30,(anonymous_3)
FN:75,(anonymous_4)
FN:98,(anonymous_5)
FNF:6
FNH:6
FNDA:11,(anonymous_0)
FNDA:5,(anonymous_1)
FNDA:5,(anonymous_2)
FNDA:5,(anonymous_3)
FNDA:4,(anonymous_4)
FNDA:1,(anonymous_5)
DA:7,2
DA:8,11
DA:9,10
DA:10,10
DA:11,10
DA:14,10
DA:15,5
DA:18,10
DA:19,5
DA:20,5
DA:23,5
DA:24,5
DA:26,0
DA:30,10
DA:31,5
DA:32,5
DA:35,5
DA:37,0
DA:40,10
DA:76,4
DA:98,1
LF:21
LH:19
BRDA:15,0,0,5
BRDA:15,0,1,0
BRDA:71,1,0,10
BRDA:71,1,1,6
BRF:4
BRH:3
end_of_record
TN:
SF:client\src\pages\Search.js
FN:4,(anonymous_0)
FN:17,(anonymous_1)
FNF:2
FNH:0
FNDA:0,(anonymous_0)
FNDA:0,(anonymous_1)
DA:4,0
DA:5,0
DA:6,0
DA:18,0
LF:4
LH:0
BRDA:12,0,0,0
BRDA:12,0,1,0
BRF:2
BRH:0
end_of_record
